<?xml version="1.0" encoding="UTF-8"?>
<robot generator="Robot 4.1 (Python 3.9.6 on win32)" generated="20211005 11:16:31.371" rpa="false" schemaversion="2">
<suite id="s1" name="CadastrarUsuario" source="C:\Users\viviani\Desktop\Estudo\RobotFramework\Riachuelo_classe_1\test-case\CadastrarUsuario.robot">
<kw name="que o navegador esta aberto" library="resource" type="SETUP">
<kw name="Open Browser" library="SeleniumLibrary">
<arg>url:</arg>
<arg>${BROWSER}</arg>
<doc>Opens a new browser instance to the optional ``url``.</doc>
<msg timestamp="20211005 11:16:38.404" level="INFO">Opening browser 'Chrome' to base url 'url:'.</msg>
<kw name="Capture Page Screenshot" library="SeleniumLibrary">
<doc>Takes a screenshot of the current page and embeds it into a log file.</doc>
<msg timestamp="20211005 11:16:48.196" level="INFO">Cannot capture screenshot because no browser is open.</msg>
<status status="PASS" starttime="20211005 11:16:48.196" endtime="20211005 11:16:48.197"/>
</kw>
<msg timestamp="20211005 11:16:48.572" level="FAIL">SessionNotCreatedException: Message: session not created: This version of ChromeDriver only supports Chrome version 92
Current browser version is 94.0.4606.71 with binary path C:\Program Files (x86)\Google\Chrome\Application\chrome.exe
</msg>
<status status="FAIL" starttime="20211005 11:16:38.404" endtime="20211005 11:16:48.572"/>
</kw>
<status status="FAIL" starttime="20211005 11:16:38.403" endtime="20211005 11:16:48.574"/>
</kw>
<test id="s1-t1" name="Cenario 1 - Abrir tela My Account com sucesso">
<status status="FAIL" starttime="20211005 11:16:48.574" endtime="20211005 11:16:48.576">Parent suite setup failed:
SessionNotCreatedException: Message: session not created: This version of ChromeDriver only supports Chrome version 92
Current browser version is 94.0.4606.71 with binary path C:\Program Files (x86)\Google\Chrome\Application\chrome.exe
</status>
</test>
<test id="s1-t2" name="Cenario 2 - Ã‰ informado email com formato incorreto">
<status status="FAIL" starttime="20211005 11:16:48.584" endtime="20211005 11:16:48.646">Parent suite setup failed:
SessionNotCreatedException: Message: session not created: This version of ChromeDriver only supports Chrome version 92
Current browser version is 94.0.4606.71 with binary path C:\Program Files (x86)\Google\Chrome\Application\chrome.exe
</status>
</test>
<kw name="fechar browser" library="resource" type="TEARDOWN">
<kw name="Close Browser" library="SeleniumLibrary">
<doc>Closes the current browser.</doc>
<status status="PASS" starttime="20211005 11:16:48.651" endtime="20211005 11:16:48.651"/>
</kw>
<status status="PASS" starttime="20211005 11:16:48.651" endtime="20211005 11:16:48.652"/>
</kw>
<status status="FAIL" starttime="20211005 11:16:31.374" endtime="20211005 11:16:48.652">Suite setup failed:
SessionNotCreatedException: Message: session not created: This version of ChromeDriver only supports Chrome version 92
Current browser version is 94.0.4606.71 with binary path C:\Program Files (x86)\Google\Chrome\Application\chrome.exe
</status>
</suite>
<statistics>
<total>
<stat pass="0" fail="2" skip="0">All Tests</stat>
</total>
<tag>
</tag>
<suite>
<stat pass="0" fail="2" skip="0" id="s1" name="CadastrarUsuario">CadastrarUsuario</stat>
</suite>
</statistics>
<errors>
</errors>
</robot>
